<?xml version="1.0" encoding="UTF-8"?>
<testng-results skipped="0" failed="3" total="7" passed="4">
  <reporter-output>
  </reporter-output>
  <suite name="Suite" duration-ms="362250" started-at="2017-07-19T13:28:20Z" finished-at="2017-07-19T13:34:22Z">
    <groups>
    </groups>
    <test name="Test" duration-ms="362250" started-at="2017-07-19T13:28:20Z" finished-at="2017-07-19T13:34:22Z">
      <class name="test.GoThroughHotSortTest">
        <test-method status="PASS" signature="setUp()[pri:0, instance:test.GoThroughHotSortTest@1324409e]" name="setUp" is-config="true" duration-ms="5686" started-at="2017-07-19T21:32:40Z" finished-at="2017-07-19T21:32:46Z">
          <reporter-output>
          </reporter-output>
        </test-method> <!-- setUp -->
        <test-method status="PASS" signature="goThroughHotSortTest()[pri:0, instance:test.GoThroughHotSortTest@1324409e]" name="goThroughHotSortTest" duration-ms="38737" started-at="2017-07-19T21:32:46Z" finished-at="2017-07-19T21:33:24Z">
          <reporter-output>
          </reporter-output>
        </test-method> <!-- goThroughHotSortTest -->
        <test-method status="PASS" signature="tearDown()[pri:0, instance:test.GoThroughHotSortTest@1324409e]" name="tearDown" is-config="true" duration-ms="1656" started-at="2017-07-19T21:33:24Z" finished-at="2017-07-19T21:33:26Z">
          <reporter-output>
          </reporter-output>
        </test-method> <!-- tearDown -->
      </class> <!-- test.GoThroughHotSortTest -->
      <class name="test.GoThroughGirlClothSortTest">
        <test-method status="PASS" signature="setUp()[pri:0, instance:test.GoThroughGirlClothSortTest@180bc464]" name="setUp" is-config="true" duration-ms="6422" started-at="2017-07-19T21:31:44Z" finished-at="2017-07-19T21:31:50Z">
          <reporter-output>
          </reporter-output>
        </test-method> <!-- setUp -->
        <test-method status="FAIL" signature="goThroughGirlClothTest()[pri:0, instance:test.GoThroughGirlClothSortTest@180bc464]" name="goThroughGirlClothTest" duration-ms="48360" started-at="2017-07-19T21:31:50Z" finished-at="2017-07-19T21:32:38Z">
          <exception class="java.lang.AssertionError">
            <message>
              <![CDATA[expected [] but found [没有更多了]]]>
            </message>
            <full-stacktrace>
              <![CDATA[java.lang.AssertionError: expected [] but found [没有更多了]
	at org.testng.Assert.fail(Assert.java:94)
	at org.testng.Assert.failNotEquals(Assert.java:496)
	at org.testng.Assert.assertEquals(Assert.java:125)
	at org.testng.Assert.assertEquals(Assert.java:178)
	at org.testng.Assert.assertEquals(Assert.java:188)
	at test.GoThroughGirlClothSortTest.goThroughGirlClothTest(GoThroughGirlClothSortTest.java:51)
	at sun.reflect.NativeMethodAccessorImpl.invoke0(Native Method)
	at sun.reflect.NativeMethodAccessorImpl.invoke(NativeMethodAccessorImpl.java:62)
	at sun.reflect.DelegatingMethodAccessorImpl.invoke(DelegatingMethodAccessorImpl.java:43)
	at java.lang.reflect.Method.invoke(Method.java:498)
	at org.testng.internal.MethodInvocationHelper.invokeMethod(MethodInvocationHelper.java:85)
	at org.testng.internal.Invoker.invokeMethod(Invoker.java:639)
	at org.testng.internal.Invoker.invokeTestMethod(Invoker.java:816)
	at org.testng.internal.Invoker.invokeTestMethods(Invoker.java:1124)
	at org.testng.internal.TestMethodWorker.invokeTestMethods(TestMethodWorker.java:125)
	at org.testng.internal.TestMethodWorker.run(TestMethodWorker.java:108)
	at org.testng.TestRunner.privateRun(TestRunner.java:774)
	at org.testng.TestRunner.run(TestRunner.java:624)
	at org.testng.SuiteRunner.runTest(SuiteRunner.java:359)
	at org.testng.SuiteRunner.runSequentially(SuiteRunner.java:354)
	at org.testng.SuiteRunner.privateRun(SuiteRunner.java:312)
	at org.testng.SuiteRunner.run(SuiteRunner.java:261)
	at org.testng.SuiteRunnerWorker.runSuite(SuiteRunnerWorker.java:52)
	at org.testng.SuiteRunnerWorker.run(SuiteRunnerWorker.java:86)
	at org.testng.TestNG.runSuitesSequentially(TestNG.java:1215)
	at org.testng.TestNG.runSuitesLocally(TestNG.java:1140)
	at org.testng.TestNG.run(TestNG.java:1048)
	at org.testng.IDEARemoteTestNG.run(IDEARemoteTestNG.java:72)
	at org.testng.RemoteTestNGStarter.main(RemoteTestNGStarter.java:127)
	at sun.reflect.NativeMethodAccessorImpl.invoke0(Native Method)
	at sun.reflect.NativeMethodAccessorImpl.invoke(NativeMethodAccessorImpl.java:62)
	at sun.reflect.DelegatingMethodAccessorImpl.invoke(DelegatingMethodAccessorImpl.java:43)
	at java.lang.reflect.Method.invoke(Method.java:498)
	at com.intellij.rt.execution.application.AppMain.main(AppMain.java:147)
]]>
            </full-stacktrace>
          </exception> <!-- java.lang.AssertionError -->
          <reporter-output>
          </reporter-output>
        </test-method> <!-- goThroughGirlClothTest -->
        <test-method status="PASS" signature="tearDown()[pri:0, instance:test.GoThroughGirlClothSortTest@180bc464]" name="tearDown" is-config="true" duration-ms="1698" started-at="2017-07-19T21:32:38Z" finished-at="2017-07-19T21:32:40Z">
          <reporter-output>
          </reporter-output>
        </test-method> <!-- tearDown -->
      </class> <!-- test.GoThroughGirlClothSortTest -->
      <class name="test.LoginTest">
        <test-method status="PASS" signature="setUp()[pri:0, instance:test.LoginTest@783e6358]" name="setUp" is-config="true" duration-ms="5414" started-at="2017-07-19T21:28:45Z" finished-at="2017-07-19T21:28:50Z">
          <reporter-output>
          </reporter-output>
        </test-method> <!-- setUp -->
        <test-method status="PASS" signature="loginTest(java.lang.String, java.lang.String)[pri:0, instance:test.LoginTest@783e6358]" name="loginTest" duration-ms="29196" started-at="2017-07-19T21:28:50Z" description="测试账号登录" data-provider="LoginSucess" finished-at="2017-07-19T21:29:19Z">
          <params>
            <param index="0">
              <value>
                <![CDATA[18601942313]]>
              </value>
            </param>
            <param index="1">
              <value>
                <![CDATA[1234qwe]]>
              </value>
            </param>
          </params>
          <reporter-output>
          </reporter-output>
        </test-method> <!-- loginTest -->
        <test-method status="PASS" signature="tearDown()[pri:0, instance:test.LoginTest@783e6358]" name="tearDown" is-config="true" duration-ms="1498" started-at="2017-07-19T21:29:19Z" finished-at="2017-07-19T21:29:21Z">
          <reporter-output>
          </reporter-output>
        </test-method> <!-- tearDown -->
      </class> <!-- test.LoginTest -->
      <class name="test.GoThroughPresentSortTest">
        <test-method status="PASS" signature="setUp()[pri:0, instance:test.GoThroughPresentSortTest@735f7ae5]" name="setUp" is-config="true" duration-ms="6072" started-at="2017-07-19T21:30:39Z" finished-at="2017-07-19T21:30:45Z">
          <reporter-output>
          </reporter-output>
        </test-method> <!-- setUp -->
        <test-method status="FAIL" signature="goThroughPresentTest()[pri:0, instance:test.GoThroughPresentSortTest@735f7ae5]" name="goThroughPresentTest" duration-ms="56578" started-at="2017-07-19T21:30:45Z" finished-at="2017-07-19T21:31:42Z">
          <exception class="java.lang.AssertionError">
            <message>
              <![CDATA[expected [] but found [没有更多了]]]>
            </message>
            <full-stacktrace>
              <![CDATA[java.lang.AssertionError: expected [] but found [没有更多了]
	at org.testng.Assert.fail(Assert.java:94)
	at org.testng.Assert.failNotEquals(Assert.java:496)
	at org.testng.Assert.assertEquals(Assert.java:125)
	at org.testng.Assert.assertEquals(Assert.java:178)
	at org.testng.Assert.assertEquals(Assert.java:188)
	at test.GoThroughPresentSortTest.goThroughPresentTest(GoThroughPresentSortTest.java:51)
	at sun.reflect.NativeMethodAccessorImpl.invoke0(Native Method)
	at sun.reflect.NativeMethodAccessorImpl.invoke(NativeMethodAccessorImpl.java:62)
	at sun.reflect.DelegatingMethodAccessorImpl.invoke(DelegatingMethodAccessorImpl.java:43)
	at java.lang.reflect.Method.invoke(Method.java:498)
	at org.testng.internal.MethodInvocationHelper.invokeMethod(MethodInvocationHelper.java:85)
	at org.testng.internal.Invoker.invokeMethod(Invoker.java:639)
	at org.testng.internal.Invoker.invokeTestMethod(Invoker.java:816)
	at org.testng.internal.Invoker.invokeTestMethods(Invoker.java:1124)
	at org.testng.internal.TestMethodWorker.invokeTestMethods(TestMethodWorker.java:125)
	at org.testng.internal.TestMethodWorker.run(TestMethodWorker.java:108)
	at org.testng.TestRunner.privateRun(TestRunner.java:774)
	at org.testng.TestRunner.run(TestRunner.java:624)
	at org.testng.SuiteRunner.runTest(SuiteRunner.java:359)
	at org.testng.SuiteRunner.runSequentially(SuiteRunner.java:354)
	at org.testng.SuiteRunner.privateRun(SuiteRunner.java:312)
	at org.testng.SuiteRunner.run(SuiteRunner.java:261)
	at org.testng.SuiteRunnerWorker.runSuite(SuiteRunnerWorker.java:52)
	at org.testng.SuiteRunnerWorker.run(SuiteRunnerWorker.java:86)
	at org.testng.TestNG.runSuitesSequentially(TestNG.java:1215)
	at org.testng.TestNG.runSuitesLocally(TestNG.java:1140)
	at org.testng.TestNG.run(TestNG.java:1048)
	at org.testng.IDEARemoteTestNG.run(IDEARemoteTestNG.java:72)
	at org.testng.RemoteTestNGStarter.main(RemoteTestNGStarter.java:127)
	at sun.reflect.NativeMethodAccessorImpl.invoke0(Native Method)
	at sun.reflect.NativeMethodAccessorImpl.invoke(NativeMethodAccessorImpl.java:62)
	at sun.reflect.DelegatingMethodAccessorImpl.invoke(DelegatingMethodAccessorImpl.java:43)
	at java.lang.reflect.Method.invoke(Method.java:498)
	at com.intellij.rt.execution.application.AppMain.main(AppMain.java:147)
]]>
            </full-stacktrace>
          </exception> <!-- java.lang.AssertionError -->
          <reporter-output>
          </reporter-output>
        </test-method> <!-- goThroughPresentTest -->
        <test-method status="PASS" signature="tearDown()[pri:0, instance:test.GoThroughPresentSortTest@735f7ae5]" name="tearDown" is-config="true" duration-ms="1749" started-at="2017-07-19T21:31:42Z" finished-at="2017-07-19T21:31:44Z">
          <reporter-output>
          </reporter-output>
        </test-method> <!-- tearDown -->
      </class> <!-- test.GoThroughPresentSortTest -->
      <class name="test.GoThroughPeishiSortTest">
        <test-method status="PASS" signature="setUp()[pri:0, instance:test.GoThroughPeishiSortTest@17550481]" name="setUp" is-config="true" duration-ms="5656" started-at="2017-07-19T21:29:21Z" finished-at="2017-07-19T21:29:26Z">
          <reporter-output>
          </reporter-output>
        </test-method> <!-- setUp -->
        <test-method status="FAIL" signature="goThroughPeishiTest()[pri:0, instance:test.GoThroughPeishiSortTest@17550481]" name="goThroughPeishiTest" duration-ms="71008" started-at="2017-07-19T21:29:26Z" finished-at="2017-07-19T21:30:37Z">
          <exception class="java.lang.AssertionError">
            <message>
              <![CDATA[expected [] but found [没有更多了]]]>
            </message>
            <full-stacktrace>
              <![CDATA[java.lang.AssertionError: expected [] but found [没有更多了]
	at org.testng.Assert.fail(Assert.java:94)
	at org.testng.Assert.failNotEquals(Assert.java:496)
	at org.testng.Assert.assertEquals(Assert.java:125)
	at org.testng.Assert.assertEquals(Assert.java:178)
	at org.testng.Assert.assertEquals(Assert.java:188)
	at test.GoThroughPeishiSortTest.goThroughPeishiTest(GoThroughPeishiSortTest.java:51)
	at sun.reflect.NativeMethodAccessorImpl.invoke0(Native Method)
	at sun.reflect.NativeMethodAccessorImpl.invoke(NativeMethodAccessorImpl.java:62)
	at sun.reflect.DelegatingMethodAccessorImpl.invoke(DelegatingMethodAccessorImpl.java:43)
	at java.lang.reflect.Method.invoke(Method.java:498)
	at org.testng.internal.MethodInvocationHelper.invokeMethod(MethodInvocationHelper.java:85)
	at org.testng.internal.Invoker.invokeMethod(Invoker.java:639)
	at org.testng.internal.Invoker.invokeTestMethod(Invoker.java:816)
	at org.testng.internal.Invoker.invokeTestMethods(Invoker.java:1124)
	at org.testng.internal.TestMethodWorker.invokeTestMethods(TestMethodWorker.java:125)
	at org.testng.internal.TestMethodWorker.run(TestMethodWorker.java:108)
	at org.testng.TestRunner.privateRun(TestRunner.java:774)
	at org.testng.TestRunner.run(TestRunner.java:624)
	at org.testng.SuiteRunner.runTest(SuiteRunner.java:359)
	at org.testng.SuiteRunner.runSequentially(SuiteRunner.java:354)
	at org.testng.SuiteRunner.privateRun(SuiteRunner.java:312)
	at org.testng.SuiteRunner.run(SuiteRunner.java:261)
	at org.testng.SuiteRunnerWorker.runSuite(SuiteRunnerWorker.java:52)
	at org.testng.SuiteRunnerWorker.run(SuiteRunnerWorker.java:86)
	at org.testng.TestNG.runSuitesSequentially(TestNG.java:1215)
	at org.testng.TestNG.runSuitesLocally(TestNG.java:1140)
	at org.testng.TestNG.run(TestNG.java:1048)
	at org.testng.IDEARemoteTestNG.run(IDEARemoteTestNG.java:72)
	at org.testng.RemoteTestNGStarter.main(RemoteTestNGStarter.java:127)
	at sun.reflect.NativeMethodAccessorImpl.invoke0(Native Method)
	at sun.reflect.NativeMethodAccessorImpl.invoke(NativeMethodAccessorImpl.java:62)
	at sun.reflect.DelegatingMethodAccessorImpl.invoke(DelegatingMethodAccessorImpl.java:43)
	at java.lang.reflect.Method.invoke(Method.java:498)
	at com.intellij.rt.execution.application.AppMain.main(AppMain.java:147)
]]>
            </full-stacktrace>
          </exception> <!-- java.lang.AssertionError -->
          <reporter-output>
          </reporter-output>
        </test-method> <!-- goThroughPeishiTest -->
        <test-method status="PASS" signature="tearDown()[pri:0, instance:test.GoThroughPeishiSortTest@17550481]" name="tearDown" is-config="true" duration-ms="1814" started-at="2017-07-19T21:30:37Z" finished-at="2017-07-19T21:30:39Z">
          <reporter-output>
          </reporter-output>
        </test-method> <!-- tearDown -->
      </class> <!-- test.GoThroughPeishiSortTest -->
      <class name="test.LogoutTest">
        <test-method status="PASS" signature="setUp()[pri:0, instance:test.LogoutTest@4e04a765]" name="setUp" is-config="true" duration-ms="7568" started-at="2017-07-19T21:28:20Z" finished-at="2017-07-19T21:28:27Z">
          <reporter-output>
          </reporter-output>
        </test-method> <!-- setUp -->
        <test-method status="PASS" signature="logoutTest(java.lang.String, java.lang.String)[pri:0, instance:test.LogoutTest@4e04a765]" name="logoutTest" duration-ms="15658" started-at="2017-07-19T21:28:27Z" description="测试账号登录" data-provider="LoginSucess" finished-at="2017-07-19T21:28:43Z">
          <params>
            <param index="0">
              <value>
                <![CDATA[18601942313]]>
              </value>
            </param>
            <param index="1">
              <value>
                <![CDATA[1234qwe]]>
              </value>
            </param>
          </params>
          <reporter-output>
          </reporter-output>
        </test-method> <!-- logoutTest -->
        <test-method status="PASS" signature="tearDown()[pri:0, instance:test.LogoutTest@4e04a765]" name="tearDown" is-config="true" duration-ms="1483" started-at="2017-07-19T21:28:43Z" finished-at="2017-07-19T21:28:45Z">
          <reporter-output>
          </reporter-output>
        </test-method> <!-- tearDown -->
      </class> <!-- test.LogoutTest -->
      <class name="test.GoThroughMainPageTest">
        <test-method status="PASS" signature="setUp()[pri:0, instance:test.GoThroughMainPageTest@2c6a3f77]" name="setUp" is-config="true" duration-ms="6008" started-at="2017-07-19T21:33:26Z" finished-at="2017-07-19T21:33:32Z">
          <reporter-output>
          </reporter-output>
        </test-method> <!-- setUp -->
        <test-method status="PASS" signature="goThroughMainPageTest()[pri:0, instance:test.GoThroughMainPageTest@2c6a3f77]" name="goThroughMainPageTest" duration-ms="48148" started-at="2017-07-19T21:33:32Z" finished-at="2017-07-19T21:34:20Z">
          <reporter-output>
          </reporter-output>
        </test-method> <!-- goThroughMainPageTest -->
        <test-method status="PASS" signature="tearDown()[pri:0, instance:test.GoThroughMainPageTest@2c6a3f77]" name="tearDown" is-config="true" duration-ms="1805" started-at="2017-07-19T21:34:20Z" finished-at="2017-07-19T21:34:22Z">
          <reporter-output>
          </reporter-output>
        </test-method> <!-- tearDown -->
      </class> <!-- test.GoThroughMainPageTest -->
    </test> <!-- Test -->
  </suite> <!-- Suite -->
</testng-results>
